Determining if the pthread_create exist failed with the following output:
Change Dir: /home/odroid/energymon/build/CMakeFiles/CMakeTmp

Run Build Command:"/usr/bin/make" "cmTC_bf146/fast"
/usr/bin/make -f CMakeFiles/cmTC_bf146.dir/build.make CMakeFiles/cmTC_bf146.dir/build
make[1]: Entering directory '/home/odroid/energymon/build/CMakeFiles/CMakeTmp'
Building C object CMakeFiles/cmTC_bf146.dir/CheckSymbolExists.c.o
/usr/bin/cc   -Wall -std=gnu99    -o CMakeFiles/cmTC_bf146.dir/CheckSymbolExists.c.o   -c /home/odroid/energymon/build/CMakeFiles/CMakeTmp/CheckSymbolExists.c
Linking C executable cmTC_bf146
/usr/bin/cmake -E cmake_link_script CMakeFiles/cmTC_bf146.dir/link.txt --verbose=1
/usr/bin/cc  -Wall -std=gnu99     -rdynamic CMakeFiles/cmTC_bf146.dir/CheckSymbolExists.c.o  -o cmTC_bf146 
CMakeFiles/cmTC_bf146.dir/CheckSymbolExists.c.o: In function `main':
CheckSymbolExists.c:(.text+0x2c): undefined reference to `pthread_create'
collect2: error: ld returned 1 exit status
CMakeFiles/cmTC_bf146.dir/build.make:97: recipe for target 'cmTC_bf146' failed
make[1]: *** [cmTC_bf146] Error 1
make[1]: Leaving directory '/home/odroid/energymon/build/CMakeFiles/CMakeTmp'
Makefile:126: recipe for target 'cmTC_bf146/fast' failed
make: *** [cmTC_bf146/fast] Error 2

File /home/odroid/energymon/build/CMakeFiles/CMakeTmp/CheckSymbolExists.c:
/* */
#include <pthread.h>

int main(int argc, char** argv)
{
  (void)argv;
#ifndef pthread_create
  return ((int*)(&pthread_create))[argc];
#else
  (void)argc;
  return 0;
#endif
}

Determining if the function pthread_create exists in the pthreads failed with the following output:
Change Dir: /home/odroid/energymon/build/CMakeFiles/CMakeTmp

Run Build Command:"/usr/bin/make" "cmTC_5fe78/fast"
/usr/bin/make -f CMakeFiles/cmTC_5fe78.dir/build.make CMakeFiles/cmTC_5fe78.dir/build
make[1]: Entering directory '/home/odroid/energymon/build/CMakeFiles/CMakeTmp'
Building C object CMakeFiles/cmTC_5fe78.dir/CheckFunctionExists.c.o
/usr/bin/cc   -Wall -std=gnu99 -DCHECK_FUNCTION_EXISTS=pthread_create   -o CMakeFiles/cmTC_5fe78.dir/CheckFunctionExists.c.o   -c /usr/share/cmake-3.10/Modules/CheckFunctionExists.c
Linking C executable cmTC_5fe78
/usr/bin/cmake -E cmake_link_script CMakeFiles/cmTC_5fe78.dir/link.txt --verbose=1
/usr/bin/cc  -Wall -std=gnu99 -DCHECK_FUNCTION_EXISTS=pthread_create    -rdynamic CMakeFiles/cmTC_5fe78.dir/CheckFunctionExists.c.o  -o cmTC_5fe78 -lpthreads 
/usr/bin/ld: cannot find -lpthreads
collect2: error: ld returned 1 exit status
CMakeFiles/cmTC_5fe78.dir/build.make:97: recipe for target 'cmTC_5fe78' failed
make[1]: *** [cmTC_5fe78] Error 1
make[1]: Leaving directory '/home/odroid/energymon/build/CMakeFiles/CMakeTmp'
Makefile:126: recipe for target 'cmTC_5fe78/fast' failed
make: *** [cmTC_5fe78/fast] Error 2


